2024-12-23 00:54:10,065 - data_loader - DEBUG - Initializing BinanceDataLoader
2024-12-23 00:54:14,205 - data_loader - DEBUG - Initializing BinanceDataLoader
2024-12-23 00:54:15,658 - data_loader - DEBUG - Latest price for BTCUSDT: 95710.67
2024-12-23 00:54:15,741 - data_loader - DEBUG - Loaded 200 candles
2024-12-23 00:54:17,025 - data_loader - DEBUG - Latest price for BTCUSDT: 95709.55
2024-12-23 00:54:18,402 - data_loader - DEBUG - Latest price for BTCUSDT: 95709.53
2024-12-23 00:54:19,774 - data_loader - DEBUG - Latest price for BTCUSDT: 95709.54
2024-12-23 00:54:21,150 - data_loader - DEBUG - Latest price for BTCUSDT: 95709.54
2024-12-23 00:54:22,558 - data_loader - DEBUG - Latest price for BTCUSDT: 95709.54
2024-12-23 00:54:23,936 - data_loader - DEBUG - Latest price for BTCUSDT: 95709.54
2024-12-23 00:54:25,266 - data_loader - DEBUG - Latest price for BTCUSDT: 95709.53
2024-12-23 00:54:25,661 - data_loader - DEBUG - Loaded 200 candles
2024-12-23 00:54:26,677 - data_loader - DEBUG - Latest price for BTCUSDT: 95709.54
2024-12-23 00:54:28,078 - data_loader - DEBUG - Latest price for BTCUSDT: 95709.53
2024-12-23 00:54:29,470 - data_loader - DEBUG - Latest price for BTCUSDT: 95709.53
2024-12-23 00:54:30,866 - data_loader - DEBUG - Latest price for BTCUSDT: 95709.53
2024-12-23 00:54:32,279 - data_loader - DEBUG - Latest price for BTCUSDT: 95709.53
2024-12-23 00:54:33,650 - data_loader - DEBUG - Latest price for BTCUSDT: 95709.53
2024-12-23 00:54:35,008 - data_loader - DEBUG - Loaded 200 candles
2024-12-23 00:54:35,454 - data_loader - DEBUG - Latest price for BTCUSDT: 95709.54
2024-12-23 00:54:36,908 - data_loader - DEBUG - Latest price for BTCUSDT: 95709.54
2024-12-23 00:54:38,311 - data_loader - DEBUG - Latest price for BTCUSDT: 95709.54
2024-12-23 00:54:39,697 - data_loader - DEBUG - Latest price for BTCUSDT: 95709.53
2024-12-23 00:54:41,697 - data_loader - DEBUG - Latest price for BTCUSDT: 95709.54
2024-12-23 00:54:42,405 - data_loader - DEBUG - Loaded 200 candles
2024-12-23 00:54:43,062 - data_loader - DEBUG - Latest price for BTCUSDT: 95709.73
2024-12-23 00:54:44,451 - data_loader - DEBUG - Latest price for BTCUSDT: 95718.96
2024-12-23 00:54:45,831 - data_loader - DEBUG - Latest price for BTCUSDT: 95720.0
2024-12-23 00:54:47,209 - data_loader - DEBUG - Latest price for BTCUSDT: 95731.99
2024-12-23 00:54:48,596 - data_loader - DEBUG - Latest price for BTCUSDT: 95735.82
2024-12-23 00:54:49,914 - data_loader - DEBUG - Latest price for BTCUSDT: 95735.83
2024-12-23 00:54:49,978 - data_loader - DEBUG - Loaded 200 candles
2024-12-23 00:54:51,317 - data_loader - DEBUG - Latest price for BTCUSDT: 95735.83
2024-12-23 00:54:52,724 - data_loader - DEBUG - Latest price for BTCUSDT: 95735.83
2024-12-23 00:54:54,128 - data_loader - DEBUG - Latest price for BTCUSDT: 95735.2
2024-12-23 00:54:55,549 - data_loader - DEBUG - Latest price for BTCUSDT: 95735.21
2024-12-23 00:54:56,935 - data_loader - DEBUG - Latest price for BTCUSDT: 95735.21
2024-12-23 00:54:58,034 - data_loader - DEBUG - Loaded 200 candles
2024-12-23 00:54:58,276 - data_loader - DEBUG - Latest price for BTCUSDT: 95735.21
2024-12-23 00:54:59,733 - data_loader - DEBUG - Latest price for BTCUSDT: 95735.21
2024-12-23 00:55:01,115 - data_loader - DEBUG - Latest price for BTCUSDT: 95735.2
2024-12-23 00:55:02,514 - data_loader - DEBUG - Latest price for BTCUSDT: 95735.2
2024-12-23 00:55:03,902 - data_loader - DEBUG - Latest price for BTCUSDT: 95735.21
2024-12-23 00:55:05,235 - data_loader - DEBUG - Latest price for BTCUSDT: 95735.82
2024-12-23 00:55:05,543 - data_loader - DEBUG - Loaded 200 candles
2024-12-23 00:55:06,614 - data_loader - DEBUG - Latest price for BTCUSDT: 95747.78
2024-12-23 00:55:07,993 - data_loader - DEBUG - Latest price for BTCUSDT: 95753.27
2024-12-23 00:55:09,376 - data_loader - DEBUG - Latest price for BTCUSDT: 95759.99
2024-12-23 00:55:10,769 - data_loader - DEBUG - Latest price for BTCUSDT: 95774.84
2024-12-23 00:55:12,641 - data_loader - DEBUG - Latest price for BTCUSDT: 95787.99
2024-12-23 00:55:13,961 - data_loader - DEBUG - Latest price for BTCUSDT: 95791.47
2024-12-23 00:55:14,943 - data_loader - DEBUG - Loaded 200 candles
2024-12-23 00:55:15,368 - data_loader - DEBUG - Latest price for BTCUSDT: 95796.0
2024-12-23 00:55:16,726 - data_loader - DEBUG - Latest price for BTCUSDT: 95796.0
2024-12-23 00:55:18,119 - data_loader - DEBUG - Latest price for BTCUSDT: 95803.14
2024-12-23 00:55:19,487 - data_loader - DEBUG - Latest price for BTCUSDT: 95803.13
2024-12-23 00:55:21,028 - data_loader - DEBUG - Latest price for BTCUSDT: 95803.14
2024-12-23 00:55:22,397 - data_loader - DEBUG - Latest price for BTCUSDT: 95796.91
2024-12-23 00:55:23,737 - data_loader - DEBUG - Latest price for BTCUSDT: 95796.91
2024-12-23 00:55:24,537 - data_loader - DEBUG - Loaded 200 candles
2024-12-23 00:55:25,127 - data_loader - DEBUG - Latest price for BTCUSDT: 95796.91
2024-12-23 00:55:26,513 - data_loader - DEBUG - Latest price for BTCUSDT: 95796.91
2024-12-23 00:55:27,902 - data_loader - DEBUG - Latest price for BTCUSDT: 95796.92
2024-12-23 00:55:29,298 - data_loader - DEBUG - Latest price for BTCUSDT: 95796.92
2024-12-23 00:55:31,127 - data_loader - DEBUG - Latest price for BTCUSDT: 95796.92
2024-12-23 00:55:32,498 - data_loader - DEBUG - Latest price for BTCUSDT: 95796.91
2024-12-23 00:55:33,071 - data_loader - DEBUG - Loaded 200 candles
2024-12-23 00:55:33,919 - data_loader - DEBUG - Latest price for BTCUSDT: 95796.91
2024-12-23 00:55:35,296 - data_loader - DEBUG - Latest price for BTCUSDT: 95796.92
2024-12-23 00:55:36,697 - data_loader - DEBUG - Latest price for BTCUSDT: 95796.92
2024-12-23 00:55:38,080 - data_loader - DEBUG - Latest price for BTCUSDT: 95807.22
2024-12-23 00:55:39,494 - data_loader - DEBUG - Latest price for BTCUSDT: 95815.99
2024-12-23 00:55:40,861 - data_loader - DEBUG - Latest price for BTCUSDT: 95822.99
2024-12-23 00:55:40,976 - data_loader - DEBUG - Loaded 200 candles
2024-12-23 00:55:42,252 - data_loader - DEBUG - Latest price for BTCUSDT: 95827.99
2024-12-23 00:55:43,655 - data_loader - DEBUG - Latest price for BTCUSDT: 95829.49
2024-12-23 00:55:45,063 - data_loader - DEBUG - Latest price for BTCUSDT: 95829.48
2024-12-23 00:55:46,446 - data_loader - DEBUG - Latest price for BTCUSDT: 95829.49
2024-12-23 00:55:47,803 - data_loader - DEBUG - Latest price for BTCUSDT: 95829.49
2024-12-23 00:55:48,843 - data_loader - DEBUG - Loaded 200 candles
2024-12-23 00:55:49,123 - data_loader - DEBUG - Latest price for BTCUSDT: 95829.48
2024-12-23 00:55:50,513 - data_loader - DEBUG - Latest price for BTCUSDT: 95829.49
2024-12-23 00:55:51,883 - data_loader - DEBUG - Latest price for BTCUSDT: 95811.26
2024-12-23 00:55:53,268 - data_loader - DEBUG - Latest price for BTCUSDT: 95811.26
2024-12-23 00:55:54,641 - data_loader - DEBUG - Latest price for BTCUSDT: 95811.26
2024-12-23 00:55:55,950 - data_loader - DEBUG - Latest price for BTCUSDT: 95807.22
2024-12-23 00:55:56,486 - data_loader - DEBUG - Loaded 200 candles
2024-12-23 00:55:57,320 - data_loader - DEBUG - Latest price for BTCUSDT: 95807.22
2024-12-23 00:55:58,864 - data_loader - DEBUG - Latest price for BTCUSDT: 95807.23
2024-12-23 00:56:00,242 - data_loader - DEBUG - Latest price for BTCUSDT: 95807.22
2024-12-23 00:56:01,623 - data_loader - DEBUG - Latest price for BTCUSDT: 95807.23
2024-12-23 00:56:03,009 - data_loader - DEBUG - Latest price for BTCUSDT: 95820.83
2024-12-23 00:56:04,080 - data_loader - DEBUG - Loaded 200 candles
2024-12-23 00:56:04,338 - data_loader - DEBUG - Latest price for BTCUSDT: 95837.34
2024-12-23 00:56:05,763 - data_loader - DEBUG - Latest price for BTCUSDT: 95841.81
2024-12-23 00:56:07,151 - data_loader - DEBUG - Latest price for BTCUSDT: 95841.82
2024-12-23 00:56:08,520 - data_loader - DEBUG - Latest price for BTCUSDT: 95848.01
2024-12-23 00:56:09,899 - data_loader - DEBUG - Latest price for BTCUSDT: 95848.02
2024-12-23 00:56:11,221 - data_loader - DEBUG - Latest price for BTCUSDT: 95841.82
2024-12-23 00:56:11,646 - data_loader - DEBUG - Loaded 200 candles
2024-12-23 00:56:12,627 - data_loader - DEBUG - Latest price for BTCUSDT: 95828.85
2024-12-23 00:56:14,011 - data_loader - DEBUG - Latest price for BTCUSDT: 95828.85
2024-12-23 00:56:15,412 - data_loader - DEBUG - Latest price for BTCUSDT: 95828.85
2024-12-23 00:56:16,965 - data_loader - DEBUG - Latest price for BTCUSDT: 95854.53
2024-12-23 00:56:18,284 - data_loader - DEBUG - Latest price for BTCUSDT: 95854.54
2024-12-23 00:56:19,162 - data_loader - DEBUG - Loaded 200 candles
2024-12-23 00:56:19,686 - data_loader - DEBUG - Latest price for BTCUSDT: 95854.53
2024-12-23 00:56:21,052 - data_loader - DEBUG - Latest price for BTCUSDT: 95854.53
2024-12-23 00:56:22,447 - data_loader - DEBUG - Latest price for BTCUSDT: 95854.54
2024-12-23 00:56:23,844 - data_loader - DEBUG - Latest price for BTCUSDT: 95852.0
2024-12-23 00:56:25,215 - data_loader - DEBUG - Latest price for BTCUSDT: 95852.0
2024-12-23 00:56:36,232 - data_loader - ERROR - Error fetching price: HTTPSConnectionPool(host='api.binance.com', port=443): Read timed out. (read timeout=10)
Traceback (most recent call last):
  File "/Users/lewisae/Documents/VSCode/C-137/flight-test-1/.venv/lib/python3.13/site-packages/urllib3/connectionpool.py", line 536, in _make_request
    response = conn.getresponse()
  File "/Users/lewisae/Documents/VSCode/C-137/flight-test-1/.venv/lib/python3.13/site-packages/urllib3/connection.py", line 507, in getresponse
    httplib_response = super().getresponse()
  File "/opt/homebrew/Cellar/python@3.13/3.13.0_1/Frameworks/Python.framework/Versions/3.13/lib/python3.13/http/client.py", line 1428, in getresponse
    response.begin()
    ~~~~~~~~~~~~~~^^
  File "/opt/homebrew/Cellar/python@3.13/3.13.0_1/Frameworks/Python.framework/Versions/3.13/lib/python3.13/http/client.py", line 331, in begin
    version, status, reason = self._read_status()
                              ~~~~~~~~~~~~~~~~~^^
  File "/opt/homebrew/Cellar/python@3.13/3.13.0_1/Frameworks/Python.framework/Versions/3.13/lib/python3.13/http/client.py", line 292, in _read_status
    line = str(self.fp.readline(_MAXLINE + 1), "iso-8859-1")
               ~~~~~~~~~~~~~~~~^^^^^^^^^^^^^^
  File "/opt/homebrew/Cellar/python@3.13/3.13.0_1/Frameworks/Python.framework/Versions/3.13/lib/python3.13/socket.py", line 719, in readinto
    return self._sock.recv_into(b)
           ~~~~~~~~~~~~~~~~~~~~^^^
  File "/opt/homebrew/Cellar/python@3.13/3.13.0_1/Frameworks/Python.framework/Versions/3.13/lib/python3.13/ssl.py", line 1304, in recv_into
    return self.read(nbytes, buffer)
           ~~~~~~~~~^^^^^^^^^^^^^^^^
  File "/opt/homebrew/Cellar/python@3.13/3.13.0_1/Frameworks/Python.framework/Versions/3.13/lib/python3.13/ssl.py", line 1138, in read
    return self._sslobj.read(len, buffer)
           ~~~~~~~~~~~~~~~~~^^^^^^^^^^^^^
TimeoutError: The read operation timed out

The above exception was the direct cause of the following exception:

Traceback (most recent call last):
  File "/Users/lewisae/Documents/VSCode/C-137/flight-test-1/.venv/lib/python3.13/site-packages/requests/adapters.py", line 667, in send
    resp = conn.urlopen(
        method=request.method,
    ...<9 lines>...
        chunked=chunked,
    )
  File "/Users/lewisae/Documents/VSCode/C-137/flight-test-1/.venv/lib/python3.13/site-packages/urllib3/connectionpool.py", line 843, in urlopen
    retries = retries.increment(
        method, url, error=new_e, _pool=self, _stacktrace=sys.exc_info()[2]
    )
  File "/Users/lewisae/Documents/VSCode/C-137/flight-test-1/.venv/lib/python3.13/site-packages/urllib3/util/retry.py", line 474, in increment
    raise reraise(type(error), error, _stacktrace)
          ~~~~~~~^^^^^^^^^^^^^^^^^^^^^^^^^^^^^^^^^
  File "/Users/lewisae/Documents/VSCode/C-137/flight-test-1/.venv/lib/python3.13/site-packages/urllib3/util/util.py", line 39, in reraise
    raise value
  File "/Users/lewisae/Documents/VSCode/C-137/flight-test-1/.venv/lib/python3.13/site-packages/urllib3/connectionpool.py", line 789, in urlopen
    response = self._make_request(
        conn,
    ...<10 lines>...
        **response_kw,
    )
  File "/Users/lewisae/Documents/VSCode/C-137/flight-test-1/.venv/lib/python3.13/site-packages/urllib3/connectionpool.py", line 538, in _make_request
    self._raise_timeout(err=e, url=url, timeout_value=read_timeout)
    ~~~~~~~~~~~~~~~~~~~^^^^^^^^^^^^^^^^^^^^^^^^^^^^^^^^^^^^^^^^^^^^
  File "/Users/lewisae/Documents/VSCode/C-137/flight-test-1/.venv/lib/python3.13/site-packages/urllib3/connectionpool.py", line 369, in _raise_timeout
    raise ReadTimeoutError(
        self, url, f"Read timed out. (read timeout={timeout_value})"
    ) from err
urllib3.exceptions.ReadTimeoutError: HTTPSConnectionPool(host='api.binance.com', port=443): Read timed out. (read timeout=10)

During handling of the above exception, another exception occurred:

Traceback (most recent call last):
  File "/Users/lewisae/Documents/VSCode/C-137/flight-test-2/src/utils/data_loader.py", line 135, in get_latest_price
    ticker = self.client.get_symbol_ticker(symbol=symbol)
  File "/Users/lewisae/Documents/VSCode/C-137/flight-test-1/.venv/lib/python3.13/site-packages/binance/client.py", line 1230, in get_symbol_ticker
    return self._get('ticker/price', data=params, version=self.PRIVATE_API_VERSION)
           ~~~~~~~~~^^^^^^^^^^^^^^^^^^^^^^^^^^^^^^^^^^^^^^^^^^^^^^^^^^^^^^^^^^^^^^^
  File "/Users/lewisae/Documents/VSCode/C-137/flight-test-1/.venv/lib/python3.13/site-packages/binance/client.py", line 371, in _get
    return self._request_api('get', path, signed, version, **kwargs)
           ~~~~~~~~~~~~~~~~~^^^^^^^^^^^^^^^^^^^^^^^^^^^^^^^^^^^^^^^^
  File "/Users/lewisae/Documents/VSCode/C-137/flight-test-1/.venv/lib/python3.13/site-packages/binance/client.py", line 334, in _request_api
    return self._request(method, uri, signed, **kwargs)
           ~~~~~~~~~~~~~^^^^^^^^^^^^^^^^^^^^^^^^^^^^^^^
  File "/Users/lewisae/Documents/VSCode/C-137/flight-test-1/.venv/lib/python3.13/site-packages/binance/client.py", line 314, in _request
    self.response = getattr(self.session, method)(uri, **kwargs)
                    ~~~~~~~~~~~~~~~~~~~~~~~~~~~~~^^^^^^^^^^^^^^^
  File "/Users/lewisae/Documents/VSCode/C-137/flight-test-1/.venv/lib/python3.13/site-packages/requests/sessions.py", line 602, in get
    return self.request("GET", url, **kwargs)
           ~~~~~~~~~~~~^^^^^^^^^^^^^^^^^^^^^^
  File "/Users/lewisae/Documents/VSCode/C-137/flight-test-1/.venv/lib/python3.13/site-packages/requests/sessions.py", line 589, in request
    resp = self.send(prep, **send_kwargs)
  File "/Users/lewisae/Documents/VSCode/C-137/flight-test-1/.venv/lib/python3.13/site-packages/requests/sessions.py", line 703, in send
    r = adapter.send(request, **kwargs)
  File "/Users/lewisae/Documents/VSCode/C-137/flight-test-1/.venv/lib/python3.13/site-packages/requests/adapters.py", line 713, in send
    raise ReadTimeout(e, request=request)
requests.exceptions.ReadTimeout: HTTPSConnectionPool(host='api.binance.com', port=443): Read timed out. (read timeout=10)
2024-12-23 00:56:36,806 - data_loader - DEBUG - Latest price for BTCUSDT: 95854.54
2024-12-23 00:56:37,187 - data_loader - ERROR - Error fetching data: HTTPSConnectionPool(host='api.binance.com', port=443): Read timed out. (read timeout=10)
2024-12-23 00:56:37,931 - data_loader - DEBUG - Latest price for BTCUSDT: 95854.53
2024-12-23 00:56:38,434 - data_loader - DEBUG - Loaded 200 candles
2024-12-23 00:56:39,123 - data_loader - DEBUG - Latest price for BTCUSDT: 95877.7
2024-12-23 00:56:40,326 - data_loader - DEBUG - Latest price for BTCUSDT: 95879.99
2024-12-23 00:56:41,522 - data_loader - DEBUG - Latest price for BTCUSDT: 95915.7
2024-12-23 00:56:42,713 - data_loader - DEBUG - Latest price for BTCUSDT: 95919.99
2024-12-23 00:56:43,903 - data_loader - DEBUG - Latest price for BTCUSDT: 95922.58
2024-12-23 00:56:45,033 - data_loader - DEBUG - Latest price for BTCUSDT: 95936.0
2024-12-23 00:56:45,796 - data_loader - DEBUG - Loaded 200 candles
2024-12-23 00:56:46,226 - data_loader - DEBUG - Latest price for BTCUSDT: 95942.86
2024-12-23 00:56:47,425 - data_loader - DEBUG - Latest price for BTCUSDT: 95947.99
2024-12-23 00:56:48,616 - data_loader - DEBUG - Latest price for BTCUSDT: 95948.0
2024-12-23 00:56:49,812 - data_loader - DEBUG - Latest price for BTCUSDT: 95956.95
2024-12-23 00:56:51,009 - data_loader - DEBUG - Latest price for BTCUSDT: 95965.86
2024-12-23 00:56:52,152 - data_loader - DEBUG - Latest price for BTCUSDT: 95965.86
2024-12-23 00:56:53,024 - data_loader - DEBUG - Loaded 200 candles
2024-12-23 00:56:53,331 - data_loader - DEBUG - Latest price for BTCUSDT: 95965.86
2024-12-23 00:56:54,531 - data_loader - DEBUG - Latest price for BTCUSDT: 95965.87
2024-12-23 00:56:55,730 - data_loader - DEBUG - Latest price for BTCUSDT: 95965.87
2024-12-23 00:56:56,931 - data_loader - DEBUG - Latest price for BTCUSDT: 95963.99
2024-12-23 00:56:58,120 - data_loader - DEBUG - Latest price for BTCUSDT: 95977.6
2024-12-23 00:56:59,307 - data_loader - DEBUG - Latest price for BTCUSDT: 95972.67
2024-12-23 00:57:00,429 - data_loader - DEBUG - Latest price for BTCUSDT: 95972.66
2024-12-23 00:57:00,530 - data_loader - DEBUG - Loaded 200 candles
2024-12-23 00:57:01,620 - data_loader - DEBUG - Latest price for BTCUSDT: 95963.99
2024-12-23 00:57:02,817 - data_loader - DEBUG - Latest price for BTCUSDT: 95964.0
2024-12-23 00:57:04,003 - data_loader - DEBUG - Latest price for BTCUSDT: 95963.99
2024-12-23 00:57:05,202 - data_loader - DEBUG - Latest price for BTCUSDT: 95964.0
2024-12-23 00:57:06,398 - data_loader - DEBUG - Latest price for BTCUSDT: 95957.84
2024-12-23 00:57:07,600 - data_loader - DEBUG - Latest price for BTCUSDT: 95948.01
2024-12-23 00:57:08,729 - data_loader - DEBUG - Latest price for BTCUSDT: 95948.01
2024-12-23 00:57:09,334 - data_loader - DEBUG - Loaded 200 candles
2024-12-23 00:57:09,934 - data_loader - DEBUG - Latest price for BTCUSDT: 95948.01
2024-12-23 00:57:11,126 - data_loader - DEBUG - Latest price for BTCUSDT: 95944.01
2024-12-23 00:57:12,427 - data_loader - DEBUG - Latest price for BTCUSDT: 95940.01
2024-12-23 00:57:13,616 - data_loader - DEBUG - Latest price for BTCUSDT: 95934.71
2024-12-23 00:57:15,115 - data_loader - DEBUG - Latest price for BTCUSDT: 95958.77
2024-12-23 00:57:16,246 - data_loader - DEBUG - Latest price for BTCUSDT: 95958.77
2024-12-23 00:57:16,753 - data_loader - DEBUG - Loaded 200 candles
2024-12-23 00:57:17,661 - data_loader - DEBUG - Latest price for BTCUSDT: 95958.77
2024-12-23 00:57:18,999 - data_loader - DEBUG - Latest price for BTCUSDT: 95957.84
2024-12-23 00:57:20,191 - data_loader - DEBUG - Latest price for BTCUSDT: 95956.78
2024-12-23 00:57:21,383 - data_loader - DEBUG - Latest price for BTCUSDT: 95950.01
2024-12-23 00:57:22,590 - data_loader - DEBUG - Latest price for BTCUSDT: 95950.01
2024-12-23 00:57:23,717 - data_loader - DEBUG - Latest price for BTCUSDT: 95950.01
2024-12-23 00:57:24,107 - data_loader - DEBUG - Loaded 200 candles
2024-12-23 00:57:24,911 - data_loader - DEBUG - Latest price for BTCUSDT: 95950.01
2024-12-23 00:57:26,120 - data_loader - DEBUG - Latest price for BTCUSDT: 95943.61
2024-12-23 00:57:27,302 - data_loader - DEBUG - Latest price for BTCUSDT: 95943.61
2024-12-23 00:57:28,502 - data_loader - DEBUG - Latest price for BTCUSDT: 95943.6
2024-12-23 00:57:29,685 - data_loader - DEBUG - Latest price for BTCUSDT: 95943.6
2024-12-23 00:57:30,813 - data_loader - DEBUG - Latest price for BTCUSDT: 95943.61
2024-12-23 00:57:31,818 - data_loader - DEBUG - Loaded 200 candles
2024-12-23 00:57:32,004 - data_loader - DEBUG - Latest price for BTCUSDT: 95896.02
2024-12-23 00:57:33,200 - data_loader - DEBUG - Latest price for BTCUSDT: 95896.02
