2024-12-24 01:38:51,281 - data_loader - DEBUG - Initializing BinanceDataLoader
2024-12-24 01:38:55,018 - data_loader - DEBUG - Initializing BinanceDataLoader
2024-12-24 01:38:56,267 - data_loader - DEBUG - Loaded 350 candles
2024-12-24 01:38:56,302 - data_loader - DEBUG - Latest price for BTCUSDT: 93148.43
2024-12-24 01:38:56,835 - data_loader - DEBUG - Latest price for BTCUSDT: 93148.43
2024-12-24 01:38:57,364 - data_loader - DEBUG - Latest price for BTCUSDT: 93148.43
2024-12-24 01:38:57,593 - data_loader - DEBUG - Loaded 350 candles
2024-12-24 01:38:57,973 - data_loader - DEBUG - Latest price for BTCUSDT: 93148.43
2024-12-24 01:38:58,557 - data_loader - DEBUG - Latest price for BTCUSDT: 93148.43
2024-12-24 01:38:59,283 - data_loader - DEBUG - Latest price for BTCUSDT: 93148.42
2024-12-24 01:38:59,289 - data_loader - DEBUG - Loaded 350 candles
2024-12-24 01:38:59,815 - data_loader - DEBUG - Latest price for BTCUSDT: 93148.42
2024-12-24 01:39:00,452 - data_loader - DEBUG - Latest price for BTCUSDT: 93159.06
2024-12-24 01:39:00,616 - data_loader - DEBUG - Loaded 350 candles
2024-12-24 01:39:01,041 - data_loader - DEBUG - Latest price for BTCUSDT: 93161.4
2024-12-24 01:39:01,986 - data_loader - DEBUG - Latest price for BTCUSDT: 93161.4
2024-12-24 01:39:02,087 - data_loader - DEBUG - Loaded 350 candles
2024-12-24 01:39:02,514 - data_loader - DEBUG - Latest price for BTCUSDT: 93161.73
2024-12-24 01:39:03,191 - data_loader - DEBUG - Latest price for BTCUSDT: 93166.87
2024-12-24 01:39:03,302 - data_loader - DEBUG - Loaded 350 candles
2024-12-24 01:39:03,734 - data_loader - DEBUG - Latest price for BTCUSDT: 93166.87
2024-12-24 01:39:04,237 - data_loader - DEBUG - Latest price for BTCUSDT: 93166.86
2024-12-24 01:39:04,502 - data_loader - DEBUG - Loaded 350 candles
2024-12-24 01:39:04,750 - data_loader - DEBUG - Latest price for BTCUSDT: 93166.87
2024-12-24 01:39:05,268 - data_loader - DEBUG - Latest price for BTCUSDT: 93166.87
2024-12-24 01:39:05,758 - data_loader - DEBUG - Loaded 350 candles
2024-12-24 01:39:05,812 - data_loader - DEBUG - Latest price for BTCUSDT: 93166.87
2024-12-24 01:39:06,310 - data_loader - DEBUG - Latest price for BTCUSDT: 93190.06
2024-12-24 01:39:06,823 - data_loader - DEBUG - Latest price for BTCUSDT: 93190.07
2024-12-24 01:39:06,979 - data_loader - DEBUG - Loaded 350 candles
2024-12-24 01:39:07,332 - data_loader - DEBUG - Latest price for BTCUSDT: 93190.07
2024-12-24 01:39:07,835 - data_loader - DEBUG - Latest price for BTCUSDT: 93190.07
2024-12-24 01:39:08,167 - data_loader - DEBUG - Loaded 350 candles
2024-12-24 01:39:08,343 - data_loader - DEBUG - Latest price for BTCUSDT: 93190.07
2024-12-24 01:39:08,861 - data_loader - DEBUG - Latest price for BTCUSDT: 93190.07
2024-12-24 01:39:09,352 - data_loader - DEBUG - Loaded 350 candles
2024-12-24 01:39:09,375 - data_loader - DEBUG - Latest price for BTCUSDT: 93190.06
2024-12-24 01:39:09,904 - data_loader - DEBUG - Latest price for BTCUSDT: 93190.06
2024-12-24 01:39:10,494 - data_loader - DEBUG - Latest price for BTCUSDT: 93190.06
2024-12-24 01:39:10,534 - data_loader - DEBUG - Loaded 350 candles
2024-12-24 01:39:11,028 - data_loader - DEBUG - Latest price for BTCUSDT: 93190.06
2024-12-24 01:39:11,536 - data_loader - DEBUG - Latest price for BTCUSDT: 93190.07
2024-12-24 01:39:11,731 - data_loader - DEBUG - Loaded 350 candles
2024-12-24 01:39:12,068 - data_loader - DEBUG - Latest price for BTCUSDT: 93190.06
2024-12-24 01:39:12,580 - data_loader - DEBUG - Latest price for BTCUSDT: 93190.06
2024-12-24 01:39:12,966 - data_loader - DEBUG - Loaded 350 candles
2024-12-24 01:39:13,087 - data_loader - DEBUG - Latest price for BTCUSDT: 93190.06
2024-12-24 01:39:13,602 - data_loader - DEBUG - Latest price for BTCUSDT: 93190.07
2024-12-24 01:39:14,124 - data_loader - DEBUG - Latest price for BTCUSDT: 93190.06
2024-12-24 01:39:14,171 - data_loader - DEBUG - Loaded 350 candles
2024-12-24 01:39:14,650 - data_loader - DEBUG - Latest price for BTCUSDT: 93190.07
2024-12-24 01:39:15,180 - data_loader - DEBUG - Latest price for BTCUSDT: 93190.07
2024-12-24 01:39:15,352 - data_loader - DEBUG - Loaded 350 candles
2024-12-24 01:39:15,763 - data_loader - DEBUG - Latest price for BTCUSDT: 93194.47
2024-12-24 01:39:16,268 - data_loader - DEBUG - Latest price for BTCUSDT: 93199.99
2024-12-24 01:39:16,528 - data_loader - DEBUG - Loaded 350 candles
2024-12-24 01:39:16,769 - data_loader - DEBUG - Latest price for BTCUSDT: 93200.0
2024-12-24 01:39:17,281 - data_loader - DEBUG - Latest price for BTCUSDT: 93200.0
2024-12-24 01:39:17,703 - data_loader - DEBUG - Loaded 350 candles
2024-12-24 01:39:17,780 - data_loader - DEBUG - Latest price for BTCUSDT: 93199.99
2024-12-24 01:39:18,342 - data_loader - DEBUG - Latest price for BTCUSDT: 93200.0
2024-12-24 01:39:18,848 - data_loader - DEBUG - Latest price for BTCUSDT: 93200.0
2024-12-24 01:39:18,887 - data_loader - DEBUG - Loaded 350 candles
2024-12-24 01:39:19,351 - data_loader - DEBUG - Latest price for BTCUSDT: 93209.85
2024-12-24 01:39:19,852 - data_loader - DEBUG - Latest price for BTCUSDT: 93213.16
2024-12-24 01:39:20,175 - data_loader - DEBUG - Loaded 350 candles
2024-12-24 01:39:20,356 - data_loader - DEBUG - Latest price for BTCUSDT: 93244.9
2024-12-24 01:39:20,862 - data_loader - DEBUG - Latest price for BTCUSDT: 93246.73
2024-12-24 01:39:21,356 - data_loader - DEBUG - Loaded 350 candles
2024-12-24 01:39:21,362 - data_loader - DEBUG - Latest price for BTCUSDT: 93246.73
2024-12-24 01:39:21,858 - data_loader - DEBUG - Latest price for BTCUSDT: 93231.51
2024-12-24 01:39:22,362 - data_loader - DEBUG - Latest price for BTCUSDT: 93220.0
2024-12-24 01:39:22,533 - data_loader - DEBUG - Loaded 350 candles
2024-12-24 01:39:22,886 - data_loader - DEBUG - Latest price for BTCUSDT: 93215.55
2024-12-24 01:39:23,387 - data_loader - DEBUG - Latest price for BTCUSDT: 93215.55
2024-12-24 01:39:23,761 - data_loader - DEBUG - Loaded 350 candles
2024-12-24 01:39:23,891 - data_loader - DEBUG - Latest price for BTCUSDT: 93215.55
2024-12-24 01:39:24,399 - data_loader - DEBUG - Latest price for BTCUSDT: 93215.55
2024-12-24 01:39:24,895 - data_loader - DEBUG - Latest price for BTCUSDT: 93215.55
2024-12-24 01:39:24,959 - data_loader - DEBUG - Loaded 350 candles
2024-12-24 01:39:25,419 - data_loader - DEBUG - Latest price for BTCUSDT: 93215.55
2024-12-24 01:39:25,942 - data_loader - DEBUG - Latest price for BTCUSDT: 93215.39
2024-12-24 01:39:26,152 - data_loader - DEBUG - Loaded 350 candles
2024-12-24 01:39:26,462 - data_loader - DEBUG - Latest price for BTCUSDT: 93215.39
2024-12-24 01:39:26,983 - data_loader - DEBUG - Latest price for BTCUSDT: 93215.39
2024-12-24 01:39:27,354 - data_loader - DEBUG - Loaded 350 candles
2024-12-24 01:39:27,543 - data_loader - DEBUG - Latest price for BTCUSDT: 93208.62
2024-12-24 01:39:28,053 - data_loader - DEBUG - Latest price for BTCUSDT: 93208.62
2024-12-24 01:39:28,550 - data_loader - DEBUG - Loaded 350 candles
2024-12-24 01:39:28,567 - data_loader - DEBUG - Latest price for BTCUSDT: 93204.0
2024-12-24 01:39:29,076 - data_loader - DEBUG - Latest price for BTCUSDT: 93204.0
2024-12-24 01:39:29,580 - data_loader - DEBUG - Latest price for BTCUSDT: 93204.01
2024-12-24 01:39:29,742 - data_loader - DEBUG - Loaded 350 candles
2024-12-24 01:39:30,075 - data_loader - DEBUG - Latest price for BTCUSDT: 93204.0
2024-12-24 01:39:30,576 - data_loader - DEBUG - Latest price for BTCUSDT: 93204.01
2024-12-24 01:39:30,933 - data_loader - DEBUG - Loaded 350 candles
2024-12-24 01:39:31,081 - data_loader - DEBUG - Latest price for BTCUSDT: 93204.01
2024-12-24 01:39:31,584 - data_loader - DEBUG - Latest price for BTCUSDT: 93204.01
2024-12-24 01:39:32,094 - data_loader - DEBUG - Latest price for BTCUSDT: 93204.01
2024-12-24 01:39:32,137 - data_loader - DEBUG - Loaded 350 candles
2024-12-24 01:39:32,628 - data_loader - DEBUG - Latest price for BTCUSDT: 93204.01
2024-12-24 01:39:33,148 - data_loader - DEBUG - Latest price for BTCUSDT: 93204.0
2024-12-24 01:39:33,323 - data_loader - DEBUG - Loaded 350 candles
2024-12-24 01:39:33,658 - data_loader - DEBUG - Latest price for BTCUSDT: 93194.27
2024-12-24 01:39:34,199 - data_loader - DEBUG - Latest price for BTCUSDT: 93194.28
2024-12-24 01:39:34,510 - data_loader - DEBUG - Loaded 350 candles
2024-12-24 01:39:44,409 - data_loader - ERROR - Error fetching price: HTTPSConnectionPool(host='api.binance.com', port=443): Read timed out. (read timeout=10)
Traceback (most recent call last):
  File "/Users/lewisae/Documents/VSCode/C-137/flight-test-1/.venv/lib/python3.13/site-packages/urllib3/connectionpool.py", line 536, in _make_request
    response = conn.getresponse()
  File "/Users/lewisae/Documents/VSCode/C-137/flight-test-1/.venv/lib/python3.13/site-packages/urllib3/connection.py", line 507, in getresponse
    httplib_response = super().getresponse()
  File "/opt/homebrew/Cellar/python@3.13/3.13.0_1/Frameworks/Python.framework/Versions/3.13/lib/python3.13/http/client.py", line 1428, in getresponse
    response.begin()
    ~~~~~~~~~~~~~~^^
  File "/opt/homebrew/Cellar/python@3.13/3.13.0_1/Frameworks/Python.framework/Versions/3.13/lib/python3.13/http/client.py", line 331, in begin
    version, status, reason = self._read_status()
                              ~~~~~~~~~~~~~~~~~^^
  File "/opt/homebrew/Cellar/python@3.13/3.13.0_1/Frameworks/Python.framework/Versions/3.13/lib/python3.13/http/client.py", line 292, in _read_status
    line = str(self.fp.readline(_MAXLINE + 1), "iso-8859-1")
               ~~~~~~~~~~~~~~~~^^^^^^^^^^^^^^
  File "/opt/homebrew/Cellar/python@3.13/3.13.0_1/Frameworks/Python.framework/Versions/3.13/lib/python3.13/socket.py", line 719, in readinto
    return self._sock.recv_into(b)
           ~~~~~~~~~~~~~~~~~~~~^^^
  File "/opt/homebrew/Cellar/python@3.13/3.13.0_1/Frameworks/Python.framework/Versions/3.13/lib/python3.13/ssl.py", line 1304, in recv_into
    return self.read(nbytes, buffer)
           ~~~~~~~~~^^^^^^^^^^^^^^^^
  File "/opt/homebrew/Cellar/python@3.13/3.13.0_1/Frameworks/Python.framework/Versions/3.13/lib/python3.13/ssl.py", line 1138, in read
    return self._sslobj.read(len, buffer)
           ~~~~~~~~~~~~~~~~~^^^^^^^^^^^^^
TimeoutError: The read operation timed out

The above exception was the direct cause of the following exception:

Traceback (most recent call last):
  File "/Users/lewisae/Documents/VSCode/C-137/flight-test-1/.venv/lib/python3.13/site-packages/requests/adapters.py", line 667, in send
    resp = conn.urlopen(
        method=request.method,
    ...<9 lines>...
        chunked=chunked,
    )
  File "/Users/lewisae/Documents/VSCode/C-137/flight-test-1/.venv/lib/python3.13/site-packages/urllib3/connectionpool.py", line 843, in urlopen
    retries = retries.increment(
        method, url, error=new_e, _pool=self, _stacktrace=sys.exc_info()[2]
    )
  File "/Users/lewisae/Documents/VSCode/C-137/flight-test-1/.venv/lib/python3.13/site-packages/urllib3/util/retry.py", line 474, in increment
    raise reraise(type(error), error, _stacktrace)
          ~~~~~~~^^^^^^^^^^^^^^^^^^^^^^^^^^^^^^^^^
  File "/Users/lewisae/Documents/VSCode/C-137/flight-test-1/.venv/lib/python3.13/site-packages/urllib3/util/util.py", line 39, in reraise
    raise value
  File "/Users/lewisae/Documents/VSCode/C-137/flight-test-1/.venv/lib/python3.13/site-packages/urllib3/connectionpool.py", line 789, in urlopen
    response = self._make_request(
        conn,
    ...<10 lines>...
        **response_kw,
    )
  File "/Users/lewisae/Documents/VSCode/C-137/flight-test-1/.venv/lib/python3.13/site-packages/urllib3/connectionpool.py", line 538, in _make_request
    self._raise_timeout(err=e, url=url, timeout_value=read_timeout)
    ~~~~~~~~~~~~~~~~~~~^^^^^^^^^^^^^^^^^^^^^^^^^^^^^^^^^^^^^^^^^^^^
  File "/Users/lewisae/Documents/VSCode/C-137/flight-test-1/.venv/lib/python3.13/site-packages/urllib3/connectionpool.py", line 369, in _raise_timeout
    raise ReadTimeoutError(
        self, url, f"Read timed out. (read timeout={timeout_value})"
    ) from err
urllib3.exceptions.ReadTimeoutError: HTTPSConnectionPool(host='api.binance.com', port=443): Read timed out. (read timeout=10)

During handling of the above exception, another exception occurred:

Traceback (most recent call last):
  File "/Users/lewisae/Documents/VSCode/C-137/flight-test-2/src/utils/data_loader.py", line 120, in get_latest_price
    ticker = self.client.get_symbol_ticker(symbol=symbol)
  File "/Users/lewisae/Documents/VSCode/C-137/flight-test-1/.venv/lib/python3.13/site-packages/binance/client.py", line 1230, in get_symbol_ticker
    return self._get('ticker/price', data=params, version=self.PRIVATE_API_VERSION)
           ~~~~~~~~~^^^^^^^^^^^^^^^^^^^^^^^^^^^^^^^^^^^^^^^^^^^^^^^^^^^^^^^^^^^^^^^
  File "/Users/lewisae/Documents/VSCode/C-137/flight-test-1/.venv/lib/python3.13/site-packages/binance/client.py", line 371, in _get
    return self._request_api('get', path, signed, version, **kwargs)
           ~~~~~~~~~~~~~~~~~^^^^^^^^^^^^^^^^^^^^^^^^^^^^^^^^^^^^^^^^
  File "/Users/lewisae/Documents/VSCode/C-137/flight-test-1/.venv/lib/python3.13/site-packages/binance/client.py", line 334, in _request_api
    return self._request(method, uri, signed, **kwargs)
           ~~~~~~~~~~~~~^^^^^^^^^^^^^^^^^^^^^^^^^^^^^^^
  File "/Users/lewisae/Documents/VSCode/C-137/flight-test-1/.venv/lib/python3.13/site-packages/binance/client.py", line 314, in _request
    self.response = getattr(self.session, method)(uri, **kwargs)
                    ~~~~~~~~~~~~~~~~~~~~~~~~~~~~~^^^^^^^^^^^^^^^
  File "/Users/lewisae/Documents/VSCode/C-137/flight-test-1/.venv/lib/python3.13/site-packages/requests/sessions.py", line 602, in get
    return self.request("GET", url, **kwargs)
           ~~~~~~~~~~~~^^^^^^^^^^^^^^^^^^^^^^
  File "/Users/lewisae/Documents/VSCode/C-137/flight-test-1/.venv/lib/python3.13/site-packages/requests/sessions.py", line 589, in request
    resp = self.send(prep, **send_kwargs)
  File "/Users/lewisae/Documents/VSCode/C-137/flight-test-1/.venv/lib/python3.13/site-packages/requests/sessions.py", line 703, in send
    r = adapter.send(request, **kwargs)
  File "/Users/lewisae/Documents/VSCode/C-137/flight-test-1/.venv/lib/python3.13/site-packages/requests/adapters.py", line 713, in send
    raise ReadTimeout(e, request=request)
requests.exceptions.ReadTimeout: HTTPSConnectionPool(host='api.binance.com', port=443): Read timed out. (read timeout=10)
2024-12-24 01:39:45,532 - data_loader - DEBUG - Latest price for BTCUSDT: 93191.67
2024-12-24 01:39:45,535 - data_loader - ERROR - Error fetching data: HTTPSConnectionPool(host='api.binance.com', port=443): Read timed out. (read timeout=10)
2024-12-24 01:39:46,028 - data_loader - DEBUG - Latest price for BTCUSDT: 93191.68
2024-12-24 01:39:46,526 - data_loader - DEBUG - Latest price for BTCUSDT: 93191.68
2024-12-24 01:39:46,828 - data_loader - DEBUG - Loaded 350 candles
2024-12-24 01:39:47,034 - data_loader - DEBUG - Latest price for BTCUSDT: 93191.67
2024-12-24 01:39:47,542 - data_loader - DEBUG - Latest price for BTCUSDT: 93191.68
2024-12-24 01:39:48,045 - data_loader - DEBUG - Latest price for BTCUSDT: 93212.13
2024-12-24 01:39:48,075 - data_loader - DEBUG - Loaded 350 candles
2024-12-24 01:39:48,545 - data_loader - DEBUG - Latest price for BTCUSDT: 93217.6
2024-12-24 01:39:49,047 - data_loader - DEBUG - Latest price for BTCUSDT: 93220.58
2024-12-24 01:39:49,248 - data_loader - DEBUG - Loaded 350 candles
2024-12-24 01:39:49,561 - data_loader - DEBUG - Latest price for BTCUSDT: 93239.18
2024-12-24 01:39:50,076 - data_loader - DEBUG - Latest price for BTCUSDT: 93239.19
2024-12-24 01:39:50,471 - data_loader - DEBUG - Loaded 350 candles
2024-12-24 01:39:50,584 - data_loader - DEBUG - Latest price for BTCUSDT: 93239.19
2024-12-24 01:39:51,093 - data_loader - DEBUG - Latest price for BTCUSDT: 93239.18
2024-12-24 01:39:51,594 - data_loader - DEBUG - Latest price for BTCUSDT: 93239.19
2024-12-24 01:39:51,666 - data_loader - DEBUG - Loaded 350 candles
2024-12-24 01:39:52,099 - data_loader - DEBUG - Latest price for BTCUSDT: 93245.57
2024-12-24 01:39:52,616 - data_loader - DEBUG - Latest price for BTCUSDT: 93245.57
2024-12-24 01:39:52,852 - data_loader - DEBUG - Loaded 350 candles
2024-12-24 01:39:53,133 - data_loader - DEBUG - Latest price for BTCUSDT: 93245.56
2024-12-24 01:39:53,635 - data_loader - DEBUG - Latest price for BTCUSDT: 93245.57
2024-12-24 01:39:54,039 - data_loader - DEBUG - Loaded 350 candles
2024-12-24 01:39:54,146 - data_loader - DEBUG - Latest price for BTCUSDT: 93246.72
2024-12-24 01:39:54,663 - data_loader - DEBUG - Latest price for BTCUSDT: 93246.72
2024-12-24 01:39:55,208 - data_loader - DEBUG - Latest price for BTCUSDT: 93246.72
2024-12-24 01:39:55,222 - data_loader - DEBUG - Loaded 350 candles
2024-12-24 01:39:55,706 - data_loader - DEBUG - Latest price for BTCUSDT: 93246.71
2024-12-24 01:39:56,213 - data_loader - DEBUG - Latest price for BTCUSDT: 93246.72
2024-12-24 01:39:56,396 - data_loader - DEBUG - Loaded 350 candles
2024-12-24 01:39:56,741 - data_loader - DEBUG - Latest price for BTCUSDT: 93246.72
2024-12-24 01:39:57,469 - data_loader - DEBUG - Latest price for BTCUSDT: 93246.72
2024-12-24 01:39:57,567 - data_loader - DEBUG - Loaded 350 candles
2024-12-24 01:39:57,998 - data_loader - DEBUG - Latest price for BTCUSDT: 93246.72
2024-12-24 01:39:58,509 - data_loader - DEBUG - Latest price for BTCUSDT: 93246.72
2024-12-24 01:39:58,740 - data_loader - DEBUG - Loaded 350 candles
2024-12-24 01:39:59,035 - data_loader - DEBUG - Latest price for BTCUSDT: 93248.74
2024-12-24 01:39:59,538 - data_loader - DEBUG - Latest price for BTCUSDT: 93259.99
2024-12-24 01:39:59,909 - data_loader - DEBUG - Loaded 350 candles
2024-12-24 01:40:00,052 - data_loader - DEBUG - Latest price for BTCUSDT: 93268.57
2024-12-24 01:40:00,556 - data_loader - DEBUG - Latest price for BTCUSDT: 93280.0
2024-12-24 01:40:01,082 - data_loader - DEBUG - Loaded 350 candles
2024-12-24 01:40:01,190 - data_loader - DEBUG - Latest price for BTCUSDT: 93280.0
2024-12-24 01:40:01,713 - data_loader - DEBUG - Latest price for BTCUSDT: 93280.0
2024-12-24 01:40:02,231 - data_loader - DEBUG - Latest price for BTCUSDT: 93272.59
2024-12-24 01:40:02,274 - data_loader - DEBUG - Loaded 350 candles
2024-12-24 01:40:02,744 - data_loader - DEBUG - Latest price for BTCUSDT: 93272.59
2024-12-24 01:40:03,279 - data_loader - DEBUG - Latest price for BTCUSDT: 93231.73
2024-12-24 01:40:03,448 - data_loader - DEBUG - Loaded 350 candles
2024-12-24 01:40:03,786 - data_loader - DEBUG - Latest price for BTCUSDT: 93231.74
2024-12-24 01:40:04,398 - data_loader - DEBUG - Latest price for BTCUSDT: 93244.0
2024-12-24 01:40:04,624 - data_loader - DEBUG - Loaded 350 candles
2024-12-24 01:40:04,920 - data_loader - DEBUG - Latest price for BTCUSDT: 93244.01
2024-12-24 01:40:05,428 - data_loader - DEBUG - Latest price for BTCUSDT: 93244.0
2024-12-24 01:40:05,797 - data_loader - DEBUG - Loaded 350 candles
2024-12-24 01:40:05,926 - data_loader - DEBUG - Latest price for BTCUSDT: 93244.01
2024-12-24 01:40:06,435 - data_loader - DEBUG - Latest price for BTCUSDT: 93244.01
2024-12-24 01:40:06,943 - data_loader - DEBUG - Latest price for BTCUSDT: 93254.18
2024-12-24 01:40:06,964 - data_loader - DEBUG - Loaded 350 candles
2024-12-24 01:40:07,439 - data_loader - DEBUG - Latest price for BTCUSDT: 93254.49
2024-12-24 01:40:07,942 - data_loader - DEBUG - Latest price for BTCUSDT: 93254.48
2024-12-24 01:40:08,201 - data_loader - DEBUG - Loaded 350 candles
2024-12-24 01:40:08,448 - data_loader - DEBUG - Latest price for BTCUSDT: 93254.48
2024-12-24 01:40:08,952 - data_loader - DEBUG - Latest price for BTCUSDT: 93254.49
2024-12-24 01:40:09,374 - data_loader - DEBUG - Loaded 350 candles
2024-12-24 01:40:09,454 - data_loader - DEBUG - Latest price for BTCUSDT: 93254.49
2024-12-24 01:40:09,958 - data_loader - DEBUG - Latest price for BTCUSDT: 93254.49
2024-12-24 01:40:10,461 - data_loader - DEBUG - Latest price for BTCUSDT: 93254.49
2024-12-24 01:40:10,545 - data_loader - DEBUG - Loaded 350 candles
2024-12-24 01:40:10,970 - data_loader - DEBUG - Latest price for BTCUSDT: 93254.49
2024-12-24 01:40:11,547 - data_loader - DEBUG - Latest price for BTCUSDT: 93254.49
2024-12-24 01:40:11,713 - data_loader - DEBUG - Loaded 350 candles
2024-12-24 01:40:12,055 - data_loader - DEBUG - Latest price for BTCUSDT: 93259.99
2024-12-24 01:40:12,562 - data_loader - DEBUG - Latest price for BTCUSDT: 93259.99
2024-12-24 01:40:12,878 - data_loader - DEBUG - Loaded 350 candles
2024-12-24 01:40:13,063 - data_loader - DEBUG - Latest price for BTCUSDT: 93259.99
2024-12-24 01:40:13,571 - data_loader - DEBUG - Latest price for BTCUSDT: 93259.99
2024-12-24 01:40:14,061 - data_loader - DEBUG - Loaded 350 candles
2024-12-24 01:40:14,073 - data_loader - DEBUG - Latest price for BTCUSDT: 93259.98
2024-12-24 01:40:14,577 - data_loader - DEBUG - Latest price for BTCUSDT: 93259.99
2024-12-24 01:40:15,079 - data_loader - DEBUG - Latest price for BTCUSDT: 93272.44
2024-12-24 01:40:15,228 - data_loader - DEBUG - Loaded 350 candles
2024-12-24 01:40:15,611 - data_loader - DEBUG - Latest price for BTCUSDT: 93289.06
2024-12-24 01:40:16,128 - data_loader - DEBUG - Latest price for BTCUSDT: 93291.04
2024-12-24 01:40:16,425 - data_loader - DEBUG - Loaded 350 candles
2024-12-24 01:40:16,654 - data_loader - DEBUG - Latest price for BTCUSDT: 93291.03
2024-12-24 01:40:17,170 - data_loader - DEBUG - Latest price for BTCUSDT: 93291.03
2024-12-24 01:40:17,600 - data_loader - DEBUG - Loaded 350 candles
2024-12-24 01:40:17,684 - data_loader - DEBUG - Latest price for BTCUSDT: 93291.04
2024-12-24 01:40:18,195 - data_loader - DEBUG - Latest price for BTCUSDT: 93291.04
2024-12-24 01:40:18,704 - data_loader - DEBUG - Latest price for BTCUSDT: 93291.03
2024-12-24 01:40:18,783 - data_loader - DEBUG - Loaded 350 candles
2024-12-24 01:40:19,228 - data_loader - DEBUG - Latest price for BTCUSDT: 93291.03
2024-12-24 01:40:19,740 - data_loader - DEBUG - Latest price for BTCUSDT: 93284.02
2024-12-24 01:40:19,957 - data_loader - DEBUG - Loaded 350 candles
2024-12-24 01:40:20,270 - data_loader - DEBUG - Latest price for BTCUSDT: 93284.01
2024-12-24 01:40:20,778 - data_loader - DEBUG - Latest price for BTCUSDT: 93272.8
2024-12-24 01:40:21,160 - data_loader - DEBUG - Loaded 350 candles
2024-12-24 01:40:21,292 - data_loader - DEBUG - Latest price for BTCUSDT: 93272.15
2024-12-24 01:40:21,806 - data_loader - DEBUG - Latest price for BTCUSDT: 93271.45
2024-12-24 01:40:22,318 - data_loader - DEBUG - Latest price for BTCUSDT: 93271.46
2024-12-24 01:40:22,333 - data_loader - DEBUG - Loaded 350 candles
2024-12-24 01:40:22,826 - data_loader - DEBUG - Latest price for BTCUSDT: 93271.46
2024-12-24 01:40:23,344 - data_loader - DEBUG - Latest price for BTCUSDT: 93271.45
2024-12-24 01:40:23,513 - data_loader - DEBUG - Loaded 350 candles
2024-12-24 01:40:23,863 - data_loader - DEBUG - Latest price for BTCUSDT: 93281.49
2024-12-24 01:40:24,391 - data_loader - DEBUG - Latest price for BTCUSDT: 93288.0
2024-12-24 01:40:24,690 - data_loader - DEBUG - Loaded 350 candles
2024-12-24 01:40:25,049 - data_loader - DEBUG - Latest price for BTCUSDT: 93288.0
2024-12-24 01:40:25,547 - data_loader - DEBUG - Latest price for BTCUSDT: 93288.0
2024-12-24 01:40:25,933 - data_loader - DEBUG - Loaded 350 candles
2024-12-24 01:40:26,064 - data_loader - DEBUG - Latest price for BTCUSDT: 93291.03
2024-12-24 01:40:26,569 - data_loader - DEBUG - Latest price for BTCUSDT: 93307.69
2024-12-24 01:40:27,070 - data_loader - DEBUG - Latest price for BTCUSDT: 93307.69
2024-12-24 01:40:27,116 - data_loader - DEBUG - Loaded 350 candles
2024-12-24 01:40:27,572 - data_loader - DEBUG - Latest price for BTCUSDT: 93307.69
2024-12-24 01:40:28,094 - data_loader - DEBUG - Latest price for BTCUSDT: 93307.69
2024-12-24 01:40:28,297 - data_loader - DEBUG - Loaded 350 candles
2024-12-24 01:40:28,607 - data_loader - DEBUG - Latest price for BTCUSDT: 93307.68
2024-12-24 01:40:29,118 - data_loader - DEBUG - Latest price for BTCUSDT: 93307.68
2024-12-24 01:40:29,624 - data_loader - DEBUG - Latest price for BTCUSDT: 93307.69
2024-12-24 01:40:29,652 - data_loader - DEBUG - Loaded 350 candles
2024-12-24 01:40:30,131 - data_loader - DEBUG - Latest price for BTCUSDT: 93307.69
2024-12-24 01:40:30,639 - data_loader - DEBUG - Latest price for BTCUSDT: 93307.68
2024-12-24 01:40:30,829 - data_loader - DEBUG - Loaded 350 candles
2024-12-24 01:40:31,150 - data_loader - DEBUG - Latest price for BTCUSDT: 93307.69
2024-12-24 01:40:31,674 - data_loader - DEBUG - Latest price for BTCUSDT: 93307.69
2024-12-24 01:40:32,039 - data_loader - DEBUG - Loaded 350 candles
2024-12-24 01:40:32,182 - data_loader - DEBUG - Latest price for BTCUSDT: 93307.69
2024-12-24 01:40:32,702 - data_loader - DEBUG - Latest price for BTCUSDT: 93307.69
2024-12-24 01:40:33,219 - data_loader - DEBUG - Loaded 350 candles
2024-12-24 01:40:33,235 - data_loader - DEBUG - Latest price for BTCUSDT: 93307.68
2024-12-24 01:40:33,801 - data_loader - DEBUG - Latest price for BTCUSDT: 93307.68
2024-12-24 01:40:34,308 - data_loader - DEBUG - Latest price for BTCUSDT: 93307.69
2024-12-24 01:40:34,405 - data_loader - DEBUG - Loaded 350 candles
2024-12-24 01:40:34,817 - data_loader - DEBUG - Latest price for BTCUSDT: 93304.02
2024-12-24 01:40:35,320 - data_loader - DEBUG - Latest price for BTCUSDT: 93304.02
2024-12-24 01:40:35,575 - data_loader - DEBUG - Loaded 350 candles
2024-12-24 01:40:35,818 - data_loader - DEBUG - Latest price for BTCUSDT: 93300.51
2024-12-24 01:40:36,339 - data_loader - DEBUG - Latest price for BTCUSDT: 93300.51
2024-12-24 01:40:36,974 - data_loader - DEBUG - Latest price for BTCUSDT: 93314.75
2024-12-24 01:40:37,065 - data_loader - DEBUG - Loaded 350 candles
2024-12-24 01:40:37,491 - data_loader - DEBUG - Latest price for BTCUSDT: 93314.75
2024-12-24 01:40:37,999 - data_loader - DEBUG - Latest price for BTCUSDT: 93314.76
2024-12-24 01:40:38,241 - data_loader - DEBUG - Loaded 350 candles
2024-12-24 01:40:38,511 - data_loader - DEBUG - Latest price for BTCUSDT: 93314.76
2024-12-24 01:40:39,059 - data_loader - DEBUG - Latest price for BTCUSDT: 93314.75
2024-12-24 01:40:39,412 - data_loader - DEBUG - Loaded 350 candles
2024-12-24 01:40:39,563 - data_loader - DEBUG - Latest price for BTCUSDT: 93314.75
2024-12-24 01:40:40,113 - data_loader - DEBUG - Latest price for BTCUSDT: 93314.76
2024-12-24 01:40:40,586 - data_loader - DEBUG - Loaded 350 candles
2024-12-24 01:40:40,622 - data_loader - DEBUG - Latest price for BTCUSDT: 93314.76
2024-12-24 01:40:41,135 - data_loader - DEBUG - Latest price for BTCUSDT: 93314.76
2024-12-24 01:40:41,635 - data_loader - DEBUG - Latest price for BTCUSDT: 93314.76
2024-12-24 01:40:41,762 - data_loader - DEBUG - Loaded 350 candles
2024-12-24 01:40:42,221 - data_loader - DEBUG - Latest price for BTCUSDT: 93317.76
2024-12-24 01:40:42,738 - data_loader - DEBUG - Latest price for BTCUSDT: 93333.34
2024-12-24 01:40:42,931 - data_loader - DEBUG - Loaded 350 candles
2024-12-24 01:40:43,250 - data_loader - DEBUG - Latest price for BTCUSDT: 93333.34
2024-12-24 01:40:43,751 - data_loader - DEBUG - Latest price for BTCUSDT: 93333.33
2024-12-24 01:40:44,098 - data_loader - DEBUG - Loaded 350 candles
2024-12-24 01:40:44,250 - data_loader - DEBUG - Latest price for BTCUSDT: 93326.91
2024-12-24 01:40:44,753 - data_loader - DEBUG - Latest price for BTCUSDT: 93323.33
2024-12-24 01:40:45,258 - data_loader - DEBUG - Latest price for BTCUSDT: 93317.0
2024-12-24 01:40:45,263 - data_loader - DEBUG - Loaded 350 candles
2024-12-24 01:40:45,760 - data_loader - DEBUG - Latest price for BTCUSDT: 93317.0
2024-12-24 01:40:46,268 - data_loader - DEBUG - Latest price for BTCUSDT: 93317.0
2024-12-24 01:40:46,640 - data_loader - DEBUG - Loaded 350 candles
2024-12-24 01:40:46,792 - data_loader - DEBUG - Latest price for BTCUSDT: 93317.0
2024-12-24 01:40:47,383 - data_loader - DEBUG - Latest price for BTCUSDT: 93316.99
2024-12-24 01:40:47,813 - data_loader - DEBUG - Loaded 350 candles
2024-12-24 01:40:47,886 - data_loader - DEBUG - Latest price for BTCUSDT: 93317.0
2024-12-24 01:40:48,395 - data_loader - DEBUG - Latest price for BTCUSDT: 93323.99
2024-12-24 01:40:48,899 - data_loader - DEBUG - Latest price for BTCUSDT: 93323.99
2024-12-24 01:40:49,190 - data_loader - DEBUG - Loaded 350 candles
2024-12-24 01:40:49,404 - data_loader - DEBUG - Latest price for BTCUSDT: 93323.99
2024-12-24 01:40:49,938 - data_loader - DEBUG - Latest price for BTCUSDT: 93315.07
2024-12-24 01:40:50,363 - data_loader - DEBUG - Loaded 350 candles
2024-12-24 01:40:50,447 - data_loader - DEBUG - Latest price for BTCUSDT: 93314.76
2024-12-24 01:40:50,953 - data_loader - DEBUG - Latest price for BTCUSDT: 93314.75
2024-12-24 01:40:51,509 - data_loader - DEBUG - Latest price for BTCUSDT: 93314.76
2024-12-24 01:40:51,548 - data_loader - DEBUG - Loaded 350 candles
2024-12-24 01:40:52,241 - data_loader - DEBUG - Latest price for BTCUSDT: 93314.76
2024-12-24 01:40:52,748 - data_loader - DEBUG - Loaded 350 candles
2024-12-24 01:40:52,802 - data_loader - DEBUG - Latest price for BTCUSDT: 93314.76
2024-12-24 01:40:53,314 - data_loader - DEBUG - Latest price for BTCUSDT: 93314.76
2024-12-24 01:40:53,830 - data_loader - DEBUG - Latest price for BTCUSDT: 93314.16
2024-12-24 01:40:53,948 - data_loader - DEBUG - Loaded 350 candles
2024-12-24 01:40:54,345 - data_loader - DEBUG - Latest price for BTCUSDT: 93314.16
2024-12-24 01:40:54,849 - data_loader - DEBUG - Latest price for BTCUSDT: 93311.12
2024-12-24 01:40:55,124 - data_loader - DEBUG - Loaded 350 candles
2024-12-24 01:40:55,381 - data_loader - DEBUG - Latest price for BTCUSDT: 93311.12
2024-12-24 01:40:55,887 - data_loader - DEBUG - Latest price for BTCUSDT: 93311.11
2024-12-24 01:40:56,313 - data_loader - DEBUG - Loaded 350 candles
2024-12-24 01:40:56,397 - data_loader - DEBUG - Latest price for BTCUSDT: 93311.11
2024-12-24 01:40:56,922 - data_loader - DEBUG - Latest price for BTCUSDT: 93311.12
2024-12-24 01:40:57,437 - data_loader - DEBUG - Latest price for BTCUSDT: 93311.12
2024-12-24 01:40:57,520 - data_loader - DEBUG - Loaded 350 candles
2024-12-24 01:40:58,053 - data_loader - DEBUG - Latest price for BTCUSDT: 93311.12
2024-12-24 01:40:58,566 - data_loader - DEBUG - Latest price for BTCUSDT: 93311.11
2024-12-24 01:40:58,720 - data_loader - DEBUG - Loaded 350 candles
2024-12-24 01:40:59,076 - data_loader - DEBUG - Latest price for BTCUSDT: 93311.11
2024-12-24 01:40:59,589 - data_loader - DEBUG - Latest price for BTCUSDT: 93311.12
2024-12-24 01:40:59,902 - data_loader - DEBUG - Loaded 350 candles
2024-12-24 01:41:00,115 - data_loader - DEBUG - Latest price for BTCUSDT: 93311.11
2024-12-24 01:41:00,623 - data_loader - DEBUG - Latest price for BTCUSDT: 93307.7
2024-12-24 01:41:01,177 - data_loader - DEBUG - Loaded 350 candles
2024-12-24 01:41:01,225 - data_loader - DEBUG - Latest price for BTCUSDT: 93307.7
2024-12-24 01:41:01,735 - data_loader - DEBUG - Latest price for BTCUSDT: 93307.69
2024-12-24 01:41:02,241 - data_loader - DEBUG - Latest price for BTCUSDT: 93307.69
2024-12-24 01:41:02,360 - data_loader - DEBUG - Loaded 350 candles
2024-12-24 01:41:02,749 - data_loader - DEBUG - Latest price for BTCUSDT: 93307.69
2024-12-24 01:41:03,258 - data_loader - DEBUG - Latest price for BTCUSDT: 93301.59
2024-12-24 01:41:03,542 - data_loader - DEBUG - Loaded 350 candles
2024-12-24 01:41:03,772 - data_loader - DEBUG - Latest price for BTCUSDT: 93301.59
2024-12-24 01:41:04,276 - data_loader - DEBUG - Latest price for BTCUSDT: 93300.51
2024-12-24 01:41:04,724 - data_loader - DEBUG - Loaded 350 candles
2024-12-24 01:41:04,788 - data_loader - DEBUG - Latest price for BTCUSDT: 93300.51
2024-12-24 01:41:05,292 - data_loader - DEBUG - Latest price for BTCUSDT: 93310.31
2024-12-24 01:41:05,908 - data_loader - DEBUG - Latest price for BTCUSDT: 93315.67
2024-12-24 01:41:05,932 - data_loader - DEBUG - Loaded 350 candles
2024-12-24 01:41:06,411 - data_loader - DEBUG - Latest price for BTCUSDT: 93315.67
2024-12-24 01:41:06,934 - data_loader - DEBUG - Latest price for BTCUSDT: 93315.67
2024-12-24 01:41:07,129 - data_loader - DEBUG - Loaded 350 candles
2024-12-24 01:41:07,440 - data_loader - DEBUG - Latest price for BTCUSDT: 93315.67
2024-12-24 01:41:07,949 - data_loader - DEBUG - Latest price for BTCUSDT: 93315.66
2024-12-24 01:41:08,299 - data_loader - DEBUG - Loaded 350 candles
2024-12-24 01:41:08,451 - data_loader - DEBUG - Latest price for BTCUSDT: 93315.67
2024-12-24 01:41:08,954 - data_loader - DEBUG - Latest price for BTCUSDT: 93315.67
2024-12-24 01:41:09,464 - data_loader - DEBUG - Latest price for BTCUSDT: 93315.67
2024-12-24 01:41:09,473 - data_loader - DEBUG - Loaded 350 candles
2024-12-24 01:41:09,990 - data_loader - DEBUG - Latest price for BTCUSDT: 93300.51
2024-12-24 01:41:10,506 - data_loader - DEBUG - Latest price for BTCUSDT: 93300.51
2024-12-24 01:41:10,659 - data_loader - DEBUG - Loaded 350 candles
2024-12-24 01:41:11,021 - data_loader - DEBUG - Latest price for BTCUSDT: 93300.0
2024-12-24 01:41:11,524 - data_loader - DEBUG - Latest price for BTCUSDT: 93300.0
2024-12-24 01:41:11,834 - data_loader - DEBUG - Loaded 350 candles
2024-12-24 01:41:12,044 - data_loader - DEBUG - Latest price for BTCUSDT: 93300.0
2024-12-24 01:41:12,550 - data_loader - DEBUG - Latest price for BTCUSDT: 93300.01
2024-12-24 01:41:13,028 - data_loader - DEBUG - Loaded 350 candles
2024-12-24 01:41:13,053 - data_loader - DEBUG - Latest price for BTCUSDT: 93300.0
2024-12-24 01:41:13,562 - data_loader - DEBUG - Latest price for BTCUSDT: 93300.0
2024-12-24 01:41:14,078 - data_loader - DEBUG - Latest price for BTCUSDT: 93300.01
2024-12-24 01:41:14,217 - data_loader - DEBUG - Loaded 350 candles
2024-12-24 01:41:14,581 - data_loader - DEBUG - Latest price for BTCUSDT: 93300.01
2024-12-24 01:41:15,092 - data_loader - DEBUG - Latest price for BTCUSDT: 93304.87
2024-12-24 01:41:15,389 - data_loader - DEBUG - Loaded 350 candles
2024-12-24 01:41:15,595 - data_loader - DEBUG - Latest price for BTCUSDT: 93304.88
2024-12-24 01:41:16,193 - data_loader - DEBUG - Latest price for BTCUSDT: 93304.88
2024-12-24 01:41:16,657 - data_loader - DEBUG - Loaded 350 candles
2024-12-24 01:41:16,716 - data_loader - DEBUG - Latest price for BTCUSDT: 93304.88
2024-12-24 01:41:17,237 - data_loader - DEBUG - Latest price for BTCUSDT: 93304.88
2024-12-24 01:41:17,736 - data_loader - DEBUG - Latest price for BTCUSDT: 93304.88
2024-12-24 01:41:17,836 - data_loader - DEBUG - Loaded 350 candles
2024-12-24 01:41:18,255 - data_loader - DEBUG - Latest price for BTCUSDT: 93304.88
2024-12-24 01:41:18,774 - data_loader - DEBUG - Latest price for BTCUSDT: 93309.11
2024-12-24 01:41:19,024 - data_loader - DEBUG - Loaded 350 candles
2024-12-24 01:41:19,304 - data_loader - DEBUG - Latest price for BTCUSDT: 93309.11
2024-12-24 01:41:19,822 - data_loader - DEBUG - Latest price for BTCUSDT: 93309.11
2024-12-24 01:41:20,206 - data_loader - DEBUG - Loaded 350 candles
2024-12-24 01:41:20,331 - data_loader - DEBUG - Latest price for BTCUSDT: 93309.11
2024-12-24 01:41:20,833 - data_loader - DEBUG - Latest price for BTCUSDT: 93309.11
2024-12-24 01:41:21,336 - data_loader - DEBUG - Latest price for BTCUSDT: 93309.11
2024-12-24 01:41:21,376 - data_loader - DEBUG - Loaded 350 candles
2024-12-24 01:41:21,852 - data_loader - DEBUG - Latest price for BTCUSDT: 93309.12
2024-12-24 01:41:22,397 - data_loader - DEBUG - Latest price for BTCUSDT: 93309.12
2024-12-24 01:41:22,556 - data_loader - DEBUG - Loaded 350 candles
2024-12-24 01:41:22,894 - data_loader - DEBUG - Latest price for BTCUSDT: 93309.12
2024-12-24 01:41:23,399 - data_loader - DEBUG - Latest price for BTCUSDT: 93286.9
2024-12-24 01:41:23,727 - data_loader - DEBUG - Loaded 350 candles
2024-12-24 01:41:23,926 - data_loader - DEBUG - Latest price for BTCUSDT: 93283.12
2024-12-24 01:41:24,434 - data_loader - DEBUG - Latest price for BTCUSDT: 93283.13
2024-12-24 01:41:24,903 - data_loader - DEBUG - Loaded 350 candles
2024-12-24 01:41:24,943 - data_loader - DEBUG - Latest price for BTCUSDT: 93283.13
2024-12-24 01:41:25,468 - data_loader - DEBUG - Latest price for BTCUSDT: 93281.68
2024-12-24 01:41:26,139 - data_loader - DEBUG - Latest price for BTCUSDT: 93279.35
2024-12-24 01:41:26,228 - data_loader - DEBUG - Loaded 350 candles
2024-12-24 01:41:26,645 - data_loader - DEBUG - Latest price for BTCUSDT: 93278.99
2024-12-24 01:41:27,170 - data_loader - DEBUG - Latest price for BTCUSDT: 93278.98
2024-12-24 01:41:27,405 - data_loader - DEBUG - Loaded 350 candles
2024-12-24 01:41:27,691 - data_loader - DEBUG - Latest price for BTCUSDT: 93278.98
2024-12-24 01:41:28,218 - data_loader - DEBUG - Latest price for BTCUSDT: 93277.95
2024-12-24 01:41:28,576 - data_loader - DEBUG - Loaded 350 candles
2024-12-24 01:41:28,742 - data_loader - DEBUG - Latest price for BTCUSDT: 93277.95
2024-12-24 01:41:29,255 - data_loader - DEBUG - Latest price for BTCUSDT: 93277.95
2024-12-24 01:41:29,756 - data_loader - DEBUG - Loaded 350 candles
2024-12-24 01:41:29,762 - data_loader - DEBUG - Latest price for BTCUSDT: 93272.82
2024-12-24 01:41:30,283 - data_loader - DEBUG - Latest price for BTCUSDT: 93272.73
2024-12-24 01:41:30,803 - data_loader - DEBUG - Latest price for BTCUSDT: 93272.73
2024-12-24 01:41:30,936 - data_loader - DEBUG - Loaded 350 candles
2024-12-24 01:41:31,309 - data_loader - DEBUG - Latest price for BTCUSDT: 93272.72
2024-12-24 01:41:31,815 - data_loader - DEBUG - Latest price for BTCUSDT: 93272.73
2024-12-24 01:41:32,112 - data_loader - DEBUG - Loaded 350 candles
2024-12-24 01:41:32,317 - data_loader - DEBUG - Latest price for BTCUSDT: 93272.73
2024-12-24 01:41:32,815 - data_loader - DEBUG - Latest price for BTCUSDT: 93272.73
2024-12-24 01:41:33,278 - data_loader - DEBUG - Loaded 350 candles
2024-12-24 01:41:33,323 - data_loader - DEBUG - Latest price for BTCUSDT: 93272.72
2024-12-24 01:41:33,834 - data_loader - DEBUG - Latest price for BTCUSDT: 93272.72
2024-12-24 01:41:34,362 - data_loader - DEBUG - Latest price for BTCUSDT: 93268.23
2024-12-24 01:41:34,443 - data_loader - DEBUG - Loaded 350 candles
2024-12-24 01:41:34,865 - data_loader - DEBUG - Latest price for BTCUSDT: 93268.22
2024-12-24 01:41:35,371 - data_loader - DEBUG - Latest price for BTCUSDT: 93268.22
2024-12-24 01:41:35,614 - data_loader - DEBUG - Loaded 350 candles
2024-12-24 01:41:35,873 - data_loader - DEBUG - Latest price for BTCUSDT: 93273.25
2024-12-24 01:41:36,391 - data_loader - DEBUG - Latest price for BTCUSDT: 93273.26
2024-12-24 01:41:36,827 - data_loader - DEBUG - Loaded 350 candles
2024-12-24 01:41:37,006 - data_loader - DEBUG - Latest price for BTCUSDT: 93273.26
2024-12-24 01:41:37,518 - data_loader - DEBUG - Latest price for BTCUSDT: 93273.25
2024-12-24 01:41:37,996 - data_loader - DEBUG - Loaded 350 candles
2024-12-24 01:41:38,023 - data_loader - DEBUG - Latest price for BTCUSDT: 93273.25
2024-12-24 01:41:38,549 - data_loader - DEBUG - Latest price for BTCUSDT: 93273.25
2024-12-24 01:41:39,060 - data_loader - DEBUG - Latest price for BTCUSDT: 93273.25
2024-12-24 01:41:39,166 - data_loader - DEBUG - Loaded 350 candles
2024-12-24 01:41:39,562 - data_loader - DEBUG - Latest price for BTCUSDT: 93273.25
2024-12-24 01:41:40,087 - data_loader - DEBUG - Latest price for BTCUSDT: 93264.7
2024-12-24 01:41:40,361 - data_loader - DEBUG - Loaded 350 candles
2024-12-24 01:41:40,589 - data_loader - DEBUG - Latest price for BTCUSDT: 93264.71
2024-12-24 01:41:41,112 - data_loader - DEBUG - Latest price for BTCUSDT: 93264.7
2024-12-24 01:41:41,533 - data_loader - DEBUG - Loaded 350 candles
2024-12-24 01:41:41,629 - data_loader - DEBUG - Latest price for BTCUSDT: 93264.7
2024-12-24 01:41:42,137 - data_loader - DEBUG - Latest price for BTCUSDT: 93264.71
2024-12-24 01:41:42,645 - data_loader - DEBUG - Latest price for BTCUSDT: 93264.71
2024-12-24 01:41:42,698 - data_loader - DEBUG - Loaded 350 candles
2024-12-24 01:41:43,144 - data_loader - DEBUG - Latest price for BTCUSDT: 93262.71
2024-12-24 01:41:43,647 - data_loader - DEBUG - Latest price for BTCUSDT: 93262.71
2024-12-24 01:41:43,867 - data_loader - DEBUG - Loaded 350 candles
2024-12-24 01:41:44,163 - data_loader - DEBUG - Latest price for BTCUSDT: 93262.7
2024-12-24 01:41:44,669 - data_loader - DEBUG - Latest price for BTCUSDT: 93262.7
2024-12-24 01:41:45,032 - data_loader - DEBUG - Loaded 350 candles
2024-12-24 01:41:45,182 - data_loader - DEBUG - Latest price for BTCUSDT: 93262.7
2024-12-24 01:41:45,692 - data_loader - DEBUG - Latest price for BTCUSDT: 93257.71
2024-12-24 01:41:46,199 - data_loader - DEBUG - Loaded 350 candles
2024-12-24 01:41:46,336 - data_loader - DEBUG - Latest price for BTCUSDT: 93256.69
2024-12-24 01:41:46,853 - data_loader - DEBUG - Latest price for BTCUSDT: 93249.84
2024-12-24 01:41:47,372 - data_loader - DEBUG - Latest price for BTCUSDT: 93249.84
2024-12-24 01:41:47,382 - data_loader - DEBUG - Loaded 350 candles
2024-12-24 01:41:47,891 - data_loader - DEBUG - Latest price for BTCUSDT: 93249.84
2024-12-24 01:41:48,394 - data_loader - DEBUG - Latest price for BTCUSDT: 93249.84
2024-12-24 01:41:48,554 - data_loader - DEBUG - Loaded 350 candles
2024-12-24 01:41:48,898 - data_loader - DEBUG - Latest price for BTCUSDT: 93249.84
2024-12-24 01:41:49,462 - data_loader - DEBUG - Latest price for BTCUSDT: 93249.84
2024-12-24 01:41:49,735 - data_loader - DEBUG - Loaded 350 candles
2024-12-24 01:41:49,967 - data_loader - DEBUG - Latest price for BTCUSDT: 93249.84
2024-12-24 01:41:50,481 - data_loader - DEBUG - Latest price for BTCUSDT: 93249.84
2024-12-24 01:41:50,959 - data_loader - DEBUG - Loaded 350 candles
2024-12-24 01:41:50,987 - data_loader - DEBUG - Latest price for BTCUSDT: 93249.83
2024-12-24 01:41:51,758 - data_loader - DEBUG - Latest price for BTCUSDT: 93249.84
2024-12-24 01:41:52,157 - data_loader - DEBUG - Loaded 350 candles
2024-12-24 01:41:52,275 - data_loader - DEBUG - Latest price for BTCUSDT: 93249.83
2024-12-24 01:41:52,777 - data_loader - DEBUG - Latest price for BTCUSDT: 93249.83
2024-12-24 01:41:53,289 - data_loader - DEBUG - Latest price for BTCUSDT: 93249.84
2024-12-24 01:41:53,330 - data_loader - DEBUG - Loaded 350 candles
2024-12-24 01:41:53,806 - data_loader - DEBUG - Latest price for BTCUSDT: 93244.08
2024-12-24 01:41:54,308 - data_loader - DEBUG - Latest price for BTCUSDT: 93244.08
2024-12-24 01:41:54,498 - data_loader - DEBUG - Loaded 350 candles
2024-12-24 01:41:54,806 - data_loader - DEBUG - Latest price for BTCUSDT: 93244.08
2024-12-24 01:41:55,307 - data_loader - DEBUG - Latest price for BTCUSDT: 93261.84
2024-12-24 01:41:55,691 - data_loader - DEBUG - Loaded 350 candles
2024-12-24 01:41:55,823 - data_loader - DEBUG - Latest price for BTCUSDT: 93270.06
2024-12-24 01:41:56,337 - data_loader - DEBUG - Latest price for BTCUSDT: 93270.06
2024-12-24 01:41:56,839 - data_loader - DEBUG - Latest price for BTCUSDT: 93270.07
2024-12-24 01:41:56,881 - data_loader - DEBUG - Loaded 350 candles
2024-12-24 01:41:57,345 - data_loader - DEBUG - Latest price for BTCUSDT: 93270.06
2024-12-24 01:41:57,865 - data_loader - DEBUG - Latest price for BTCUSDT: 93270.06
2024-12-24 01:41:58,050 - data_loader - DEBUG - Loaded 350 candles
2024-12-24 01:41:58,368 - data_loader - DEBUG - Latest price for BTCUSDT: 93270.06
2024-12-24 01:41:58,879 - data_loader - DEBUG - Latest price for BTCUSDT: 93270.06
2024-12-24 01:41:59,216 - data_loader - DEBUG - Loaded 350 candles
2024-12-24 01:41:59,387 - data_loader - DEBUG - Latest price for BTCUSDT: 93271.99
2024-12-24 01:41:59,892 - data_loader - DEBUG - Latest price for BTCUSDT: 93272.0
2024-12-24 01:42:00,392 - data_loader - DEBUG - Loaded 350 candles
2024-12-24 01:42:00,399 - data_loader - DEBUG - Latest price for BTCUSDT: 93272.0
2024-12-24 01:42:00,909 - data_loader - DEBUG - Latest price for BTCUSDT: 93276.0
2024-12-24 01:42:01,418 - data_loader - DEBUG - Latest price for BTCUSDT: 93295.3
2024-12-24 01:42:01,568 - data_loader - DEBUG - Loaded 350 candles
2024-12-24 01:42:01,919 - data_loader - DEBUG - Latest price for BTCUSDT: 93295.3
2024-12-24 01:42:02,425 - data_loader - DEBUG - Latest price for BTCUSDT: 93299.98
2024-12-24 01:42:02,740 - data_loader - DEBUG - Loaded 350 candles
2024-12-24 01:42:02,956 - data_loader - DEBUG - Latest price for BTCUSDT: 93299.99
2024-12-24 01:42:03,465 - data_loader - DEBUG - Latest price for BTCUSDT: 93308.26
2024-12-24 01:42:03,913 - data_loader - DEBUG - Loaded 350 candles
2024-12-24 01:42:03,972 - data_loader - DEBUG - Latest price for BTCUSDT: 93315.28
2024-12-24 01:42:04,484 - data_loader - DEBUG - Latest price for BTCUSDT: 93296.07
2024-12-24 01:42:04,985 - data_loader - DEBUG - Latest price for BTCUSDT: 93288.73
2024-12-24 01:42:05,098 - data_loader - DEBUG - Loaded 350 candles
2024-12-24 01:42:05,495 - data_loader - DEBUG - Latest price for BTCUSDT: 93296.07
2024-12-24 01:42:06,000 - data_loader - DEBUG - Latest price for BTCUSDT: 93296.07
2024-12-24 01:42:06,271 - data_loader - DEBUG - Loaded 350 candles
2024-12-24 01:42:06,522 - data_loader - DEBUG - Latest price for BTCUSDT: 93296.07
2024-12-24 01:42:07,030 - data_loader - DEBUG - Latest price for BTCUSDT: 93261.72
2024-12-24 01:42:07,442 - data_loader - DEBUG - Loaded 350 candles
2024-12-24 01:42:07,539 - data_loader - DEBUG - Latest price for BTCUSDT: 93274.85
2024-12-24 01:42:08,056 - data_loader - DEBUG - Latest price for BTCUSDT: 93282.56
2024-12-24 01:42:08,558 - data_loader - DEBUG - Latest price for BTCUSDT: 93291.99
2024-12-24 01:42:08,679 - data_loader - DEBUG - Loaded 350 candles
2024-12-24 01:42:09,073 - data_loader - DEBUG - Latest price for BTCUSDT: 93291.99
2024-12-24 01:42:09,578 - data_loader - DEBUG - Latest price for BTCUSDT: 93292.0
2024-12-24 01:42:09,850 - data_loader - DEBUG - Loaded 350 candles
2024-12-24 01:42:10,077 - data_loader - DEBUG - Latest price for BTCUSDT: 93297.02
2024-12-24 01:42:10,587 - data_loader - DEBUG - Latest price for BTCUSDT: 93284.02
2024-12-24 01:42:11,024 - data_loader - DEBUG - Loaded 350 candles
2024-12-24 01:42:11,092 - data_loader - DEBUG - Latest price for BTCUSDT: 93284.01
2024-12-24 01:42:11,594 - data_loader - DEBUG - Latest price for BTCUSDT: 93284.01
2024-12-24 01:42:12,125 - data_loader - DEBUG - Latest price for BTCUSDT: 93295.99
2024-12-24 01:42:12,189 - data_loader - DEBUG - Loaded 350 candles
2024-12-24 01:42:12,638 - data_loader - DEBUG - Latest price for BTCUSDT: 93288.02
2024-12-24 01:42:13,148 - data_loader - DEBUG - Latest price for BTCUSDT: 93288.02
2024-12-24 01:42:13,355 - data_loader - DEBUG - Loaded 350 candles
2024-12-24 01:42:13,662 - data_loader - DEBUG - Latest price for BTCUSDT: 93288.02
2024-12-24 01:42:14,165 - data_loader - DEBUG - Latest price for BTCUSDT: 93299.99
2024-12-24 01:42:14,528 - data_loader - DEBUG - Loaded 350 candles
2024-12-24 01:42:14,691 - data_loader - DEBUG - Latest price for BTCUSDT: 93300.0
2024-12-24 01:42:15,229 - data_loader - DEBUG - Latest price for BTCUSDT: 93300.0
2024-12-24 01:42:15,722 - data_loader - DEBUG - Loaded 350 candles
2024-12-24 01:42:15,738 - data_loader - DEBUG - Latest price for BTCUSDT: 93290.65
2024-12-24 01:42:16,243 - data_loader - DEBUG - Latest price for BTCUSDT: 93284.0
2024-12-24 01:42:16,853 - data_loader - DEBUG - Latest price for BTCUSDT: 93275.26
2024-12-24 01:42:17,110 - data_loader - DEBUG - Loaded 350 candles
2024-12-24 01:42:17,375 - data_loader - DEBUG - Latest price for BTCUSDT: 93275.26
2024-12-24 01:42:17,890 - data_loader - DEBUG - Latest price for BTCUSDT: 93275.27
2024-12-24 01:42:18,295 - data_loader - DEBUG - Loaded 350 candles
2024-12-24 01:42:18,407 - data_loader - DEBUG - Latest price for BTCUSDT: 93275.27
2024-12-24 01:42:18,926 - data_loader - DEBUG - Latest price for BTCUSDT: 93275.26
2024-12-24 01:42:19,445 - data_loader - DEBUG - Latest price for BTCUSDT: 93275.26
2024-12-24 01:42:19,486 - data_loader - DEBUG - Loaded 350 candles
2024-12-24 01:42:19,959 - data_loader - DEBUG - Latest price for BTCUSDT: 93275.27
2024-12-24 01:42:20,474 - data_loader - DEBUG - Latest price for BTCUSDT: 93266.65
2024-12-24 01:42:20,657 - data_loader - DEBUG - Loaded 350 candles
2024-12-24 01:42:20,985 - data_loader - DEBUG - Latest price for BTCUSDT: 93258.26
2024-12-24 01:42:21,493 - data_loader - DEBUG - Latest price for BTCUSDT: 93254.95
2024-12-24 01:42:21,833 - data_loader - DEBUG - Loaded 350 candles
2024-12-24 01:42:22,015 - data_loader - DEBUG - Latest price for BTCUSDT: 93254.96
2024-12-24 01:42:22,524 - data_loader - DEBUG - Latest price for BTCUSDT: 93254.95
2024-12-24 01:42:23,007 - data_loader - DEBUG - Loaded 350 candles
2024-12-24 01:42:23,066 - data_loader - DEBUG - Latest price for BTCUSDT: 93264.96
2024-12-24 01:42:23,580 - data_loader - DEBUG - Latest price for BTCUSDT: 93276.0
2024-12-24 01:42:24,089 - data_loader - DEBUG - Latest price for BTCUSDT: 93276.0
2024-12-24 01:42:24,179 - data_loader - DEBUG - Loaded 350 candles
2024-12-24 01:42:24,613 - data_loader - DEBUG - Latest price for BTCUSDT: 93276.0
2024-12-24 01:42:25,125 - data_loader - DEBUG - Latest price for BTCUSDT: 93275.99
2024-12-24 01:42:25,367 - data_loader - DEBUG - Loaded 350 candles
2024-12-24 01:42:25,662 - data_loader - DEBUG - Latest price for BTCUSDT: 93276.0
2024-12-24 01:42:26,168 - data_loader - DEBUG - Latest price for BTCUSDT: 93276.0
2024-12-24 01:42:26,534 - data_loader - DEBUG - Loaded 350 candles
2024-12-24 01:42:26,678 - data_loader - DEBUG - Latest price for BTCUSDT: 93276.0
2024-12-24 01:42:27,200 - data_loader - DEBUG - Latest price for BTCUSDT: 93276.0
2024-12-24 01:42:27,711 - data_loader - DEBUG - Latest price for BTCUSDT: 93275.99
2024-12-24 01:42:27,715 - data_loader - DEBUG - Loaded 350 candles
2024-12-24 01:42:28,216 - data_loader - DEBUG - Latest price for BTCUSDT: 93259.68
2024-12-24 01:42:28,727 - data_loader - DEBUG - Latest price for BTCUSDT: 93259.68
2024-12-24 01:42:28,886 - data_loader - DEBUG - Loaded 350 candles
2024-12-24 01:42:29,240 - data_loader - DEBUG - Latest price for BTCUSDT: 93259.68
2024-12-24 01:42:29,753 - data_loader - DEBUG - Latest price for BTCUSDT: 93259.68
2024-12-24 01:42:30,066 - data_loader - DEBUG - Loaded 350 candles
2024-12-24 01:42:30,262 - data_loader - DEBUG - Latest price for BTCUSDT: 93259.69
2024-12-24 01:42:30,774 - data_loader - DEBUG - Latest price for BTCUSDT: 93259.69
2024-12-24 01:42:31,235 - data_loader - DEBUG - Loaded 350 candles
2024-12-24 01:42:31,278 - data_loader - DEBUG - Latest price for BTCUSDT: 93259.68
2024-12-24 01:42:31,782 - data_loader - DEBUG - Latest price for BTCUSDT: 93259.69
2024-12-24 01:42:32,284 - data_loader - DEBUG - Latest price for BTCUSDT: 93259.69
2024-12-24 01:42:32,423 - data_loader - DEBUG - Loaded 350 candles
2024-12-24 01:42:32,798 - data_loader - DEBUG - Latest price for BTCUSDT: 93271.99
2024-12-24 01:42:33,305 - data_loader - DEBUG - Latest price for BTCUSDT: 93271.99
2024-12-24 01:42:33,589 - data_loader - DEBUG - Loaded 350 candles
2024-12-24 01:42:33,816 - data_loader - DEBUG - Latest price for BTCUSDT: 93271.99
2024-12-24 01:42:34,327 - data_loader - DEBUG - Latest price for BTCUSDT: 93268.73
2024-12-24 01:42:34,758 - data_loader - DEBUG - Loaded 350 candles
2024-12-24 01:42:34,835 - data_loader - DEBUG - Latest price for BTCUSDT: 93268.73
2024-12-24 01:42:35,335 - data_loader - DEBUG - Latest price for BTCUSDT: 93268.73
2024-12-24 01:42:35,843 - data_loader - DEBUG - Latest price for BTCUSDT: 93268.74
2024-12-24 01:42:35,935 - data_loader - DEBUG - Loaded 350 candles
2024-12-24 01:42:36,347 - data_loader - DEBUG - Latest price for BTCUSDT: 93268.73
2024-12-24 01:42:36,856 - data_loader - DEBUG - Latest price for BTCUSDT: 93259.69
2024-12-24 01:42:37,122 - data_loader - DEBUG - Loaded 350 candles
2024-12-24 01:42:37,358 - data_loader - DEBUG - Latest price for BTCUSDT: 93259.69
2024-12-24 01:42:37,871 - data_loader - DEBUG - Latest price for BTCUSDT: 93259.69
2024-12-24 01:42:38,306 - data_loader - DEBUG - Loaded 350 candles
2024-12-24 01:42:38,379 - data_loader - DEBUG - Latest price for BTCUSDT: 93259.68
2024-12-24 01:42:38,882 - data_loader - DEBUG - Latest price for BTCUSDT: 93259.68
2024-12-24 01:42:39,389 - data_loader - DEBUG - Latest price for BTCUSDT: 93258.54
2024-12-24 01:42:39,494 - data_loader - DEBUG - Loaded 350 candles
2024-12-24 01:42:39,885 - data_loader - DEBUG - Latest price for BTCUSDT: 93258.55
2024-12-24 01:42:40,388 - data_loader - DEBUG - Latest price for BTCUSDT: 93258.55
2024-12-24 01:42:40,657 - data_loader - DEBUG - Loaded 350 candles
2024-12-24 01:42:40,890 - data_loader - DEBUG - Latest price for BTCUSDT: 93258.54
2024-12-24 01:42:41,386 - data_loader - DEBUG - Latest price for BTCUSDT: 93258.55
2024-12-24 01:42:41,832 - data_loader - DEBUG - Loaded 350 candles
2024-12-24 01:42:41,889 - data_loader - DEBUG - Latest price for BTCUSDT: 93258.55
2024-12-24 01:42:42,389 - data_loader - DEBUG - Latest price for BTCUSDT: 93258.55
2024-12-24 01:42:42,941 - data_loader - DEBUG - Latest price for BTCUSDT: 93258.55
2024-12-24 01:42:43,000 - data_loader - DEBUG - Loaded 350 candles
2024-12-24 01:42:43,451 - data_loader - DEBUG - Latest price for BTCUSDT: 93258.55
2024-12-24 01:42:43,971 - data_loader - DEBUG - Latest price for BTCUSDT: 93258.55
2024-12-24 01:42:44,184 - data_loader - DEBUG - Loaded 350 candles
2024-12-24 01:42:44,474 - data_loader - DEBUG - Latest price for BTCUSDT: 93258.54
2024-12-24 01:42:44,971 - data_loader - DEBUG - Latest price for BTCUSDT: 93286.53
2024-12-24 01:42:45,371 - data_loader - DEBUG - Loaded 350 candles
2024-12-24 01:42:45,475 - data_loader - DEBUG - Latest price for BTCUSDT: 93286.53
2024-12-24 01:42:45,976 - data_loader - DEBUG - Latest price for BTCUSDT: 93286.53
2024-12-24 01:42:46,490 - data_loader - DEBUG - Latest price for BTCUSDT: 93286.52
2024-12-24 01:42:46,547 - data_loader - DEBUG - Loaded 350 candles
2024-12-24 01:42:46,983 - data_loader - DEBUG - Latest price for BTCUSDT: 93286.53
2024-12-24 01:42:47,485 - data_loader - DEBUG - Latest price for BTCUSDT: 93286.52
2024-12-24 01:42:47,719 - data_loader - DEBUG - Loaded 350 candles
2024-12-24 01:42:47,987 - data_loader - DEBUG - Latest price for BTCUSDT: 93295.66
2024-12-24 01:42:48,490 - data_loader - DEBUG - Latest price for BTCUSDT: 93295.66
2024-12-24 01:42:48,994 - data_loader - DEBUG - Loaded 350 candles
2024-12-24 01:42:49,158 - data_loader - DEBUG - Latest price for BTCUSDT: 93295.66
2024-12-24 01:42:49,661 - data_loader - DEBUG - Latest price for BTCUSDT: 93295.66
2024-12-24 01:42:50,166 - data_loader - DEBUG - Latest price for BTCUSDT: 93295.66
2024-12-24 01:42:50,171 - data_loader - DEBUG - Loaded 350 candles
2024-12-24 01:42:50,670 - data_loader - DEBUG - Latest price for BTCUSDT: 93295.66
2024-12-24 01:42:51,176 - data_loader - DEBUG - Latest price for BTCUSDT: 93282.83
2024-12-24 01:42:51,342 - data_loader - DEBUG - Loaded 350 candles
2024-12-24 01:42:51,689 - data_loader - DEBUG - Latest price for BTCUSDT: 93282.84
